0 info it worked if it ends with ok
1 verbose cli [ 'E:\\Program Files\\nodejs\\node.exe',
1 verbose cli   'E:\\Program Files\\nodejs\\node_modules\\npm\\bin\\npm-cli.js',
1 verbose cli   'start' ]
2 info using npm@4.1.2
3 info using node@v7.6.0
4 verbose run-script [ 'prestart', 'start', 'poststart' ]
5 info lifecycle connect-to-mongo@0.0.0~prestart: connect-to-mongo@0.0.0
6 silly lifecycle connect-to-mongo@0.0.0~prestart: no script for prestart, continuing
7 info lifecycle connect-to-mongo@0.0.0~start: connect-to-mongo@0.0.0
8 verbose lifecycle connect-to-mongo@0.0.0~start: unsafe-perm in lifecycle true
9 verbose lifecycle connect-to-mongo@0.0.0~start: PATH: E:\Program Files\nodejs\node_modules\npm\bin\node-gyp-bin;D:\node-workspace\connect_to_mongo\node_modules\.bin;C:\Program Files (x86)\Common Files\Oracle\Java\javapath;E:\Program Files (x86)\Anaconda;E:\Program Files (x86)\Anaconda\Library\mingw-w64\bin;E:\Program Files (x86)\Anaconda\Library\usr\bin;E:\Program Files (x86)\Anaconda\Library\bin;E:\Program Files (x86)\Anaconda\Scripts;E:\program files\liebao;C:\Windows\system32;C:\Windows;C:\Windows\System32\Wbem;C:\Windows\System32\WindowsPowerShell\v1.0\;E:\program files\jdk1.7.0_13\\bin;e:\Program Files (x86)\Microsoft SQL Server\100\Tools\Binn\;e:\Program Files\Microsoft SQL Server\100\Tools\Binn\;e:\Program Files\Microsoft SQL Server\100\DTS\Binn\;e:\Program Files (x86)\Microsoft SQL Server\100\Tools\Binn\VSShell\Common7\IDE\;C:\Program Files (x86)\Microsoft Visual Studio 9.0\Common7\IDE\PrivateAssemblies\;e:\Program Files (x86)\Microsoft SQL Server\100\DTS\Binn\;C:\Users\Cx\AppData\Local\Android\Sdk\tools;E:\Program Files (x86)\MATLAB\R2012a\runtime\win64;E:\Program Files (x86)\MATLAB\R2012a\bin;E:\Program Files (x86)\AppServ\Apache2.2\bin;E:\Program Files (x86)\AppServ\php5;E:\Program Files (x86)\AppServ\MySQL\bin;C:\Program Files (x86)\Xoreax\IncrediBuild;E:\Program Files (x86)\Git\cmd;E:\Program Files (x86)\jdk1.8.0_181\bin;E:\Program Files (x86)\jdk1.8.0_181\jre\bin;E:\Program Files\nodejs\;E:\Anaconda;E:\Anaconda\Scripts;C:\Windows\system32;C:\Windows;C:\Windows\System32\Wbem;C:\Windows\System32\WindowsPowerShell\v1.0\;E:\program files\jdk1.7.0_13\\bin;e:\Program Files (x86)\Microsoft SQL Server\100\Tools\Binn\;e:\Program Files\Microsoft SQL Server\100\Tools\Binn\;e:\Program Files\Microsoft SQL Server\100\DTS\Binn\;e:\Program Files (x86)\Microsoft SQL Server\100\Tools\Binn\VSShell\Common7\IDE\;C:\Program Files (x86)\Microsoft Visual Studio 9.0\Common7\IDE\PrivateAssemblies\;e:\Program Files (x86)\Microsoft SQL Server\100\DTS\Binn\;C:\Users\Cx\AppData\Local\Android\Sdk\tools;E:\program files\jdk1.7.0_13\\jre\bin;E:\Program Files (x86)\MATLAB\R2012a\runtime\win64;E:\Program Files (x86)\MATLAB\R2012a\bin;E:\program files\Microsoft VS Code\bin;C:\Users\Cx\AppData\Roaming\npm
10 verbose lifecycle connect-to-mongo@0.0.0~start: CWD: D:\node-workspace\connect_to_mongo
11 silly lifecycle connect-to-mongo@0.0.0~start: Args: [ '/d /s /c', 'node ./bin/www' ]
12 silly lifecycle connect-to-mongo@0.0.0~start: Returned: code: 3221225786  signal: null
13 info lifecycle connect-to-mongo@0.0.0~start: Failed to exec start script
14 verbose stack Error: connect-to-mongo@0.0.0 start: `node ./bin/www`
14 verbose stack Exit status 3221225786
14 verbose stack     at EventEmitter.<anonymous> (E:\Program Files\nodejs\node_modules\npm\lib\utils\lifecycle.js:279:16)
14 verbose stack     at emitTwo (events.js:106:13)
14 verbose stack     at EventEmitter.emit (events.js:192:7)
14 verbose stack     at ChildProcess.<anonymous> (E:\Program Files\nodejs\node_modules\npm\lib\utils\spawn.js:40:14)
14 verbose stack     at emitTwo (events.js:106:13)
14 verbose stack     at ChildProcess.emit (events.js:192:7)
14 verbose stack     at maybeClose (internal/child_process.js:890:16)
14 verbose stack     at Process.ChildProcess._handle.onexit (internal/child_process.js:226:5)
15 verbose pkgid connect-to-mongo@0.0.0
16 verbose cwd D:\node-workspace\connect_to_mongo
17 error Windows_NT 10.0.10240
18 error argv "E:\\Program Files\\nodejs\\node.exe" "E:\\Program Files\\nodejs\\node_modules\\npm\\bin\\npm-cli.js" "start"
19 error node v7.6.0
20 error npm  v4.1.2
21 error code ELIFECYCLE
22 error connect-to-mongo@0.0.0 start: `node ./bin/www`
22 error Exit status 3221225786
23 error Failed at the connect-to-mongo@0.0.0 start script 'node ./bin/www'.
23 error Make sure you have the latest version of node.js and npm installed.
23 error If you do, this is most likely a problem with the connect-to-mongo package,
23 error not with npm itself.
23 error Tell the author that this fails on your system:
23 error     node ./bin/www
23 error You can get information on how to open an issue for this project with:
23 error     npm bugs connect-to-mongo
23 error Or if that isn't available, you can get their info via:
23 error     npm owner ls connect-to-mongo
23 error There is likely additional logging output above.
24 verbose exit [ 1, true ]
